{
  "RSpec": {
    "coverage": {
      "/Users/Kiope/Documents/DBC/Phase_3/stack-overflow-workshop-challenge/dbc_overflow/spec/controllers/answers_controller_spec.rb": [
        1,
        null,
        null,
        null,
        null
      ],
      "/Users/Kiope/Documents/DBC/Phase_3/stack-overflow-workshop-challenge/dbc_overflow/spec/rails_helper.rb": [
        null,
        1,
        1,
        1,
        1,
        1,
        1,
        1,
        1,
        1,
        null,
        null,
        null,
        null,
        null,
        null,
        null,
        null,
        null,
        null,
        null,
        null,
        null,
        null,
        null,
        null,
        null,
        null,
        null,
        1,
        null,
        1,
        1,
        null,
        null,
        1,
        null,
        null,
        null,
        null,
        1,
        null,
        null,
        null,
        null,
        null,
        null,
        null,
        null,
        null,
        null,
        null,
        null,
        null,
        null,
        1,
        null
      ],
      "/Users/Kiope/Documents/DBC/Phase_3/stack-overflow-workshop-challenge/dbc_overflow/config/environment.rb": [
        null,
        1,
        null,
        null,
        1
      ],
      "/Users/Kiope/Documents/DBC/Phase_3/stack-overflow-workshop-challenge/dbc_overflow/config/application.rb": [
        1,
        null,
        null,
        1,
        1,
        1,
        1,
        1,
        1,
        null,
        null,
        null,
        null,
        1,
        null,
        1,
        1,
        null,
        null,
        null,
        null,
        null,
        null,
        null,
        null,
        null,
        null,
        null,
        null,
        null
      ],
      "/Users/Kiope/Documents/DBC/Phase_3/stack-overflow-workshop-challenge/dbc_overflow/config/boot.rb": [
        null,
        1,
        null,
        1
      ],
      "/Users/Kiope/Documents/DBC/Phase_3/stack-overflow-workshop-challenge/dbc_overflow/config/environments/test.rb": [
        1,
        null,
        null,
        null,
        null,
        null,
        null,
        1,
        null,
        null,
        null,
        null,
        1,
        null,
        null,
        1,
        1,
        null,
        null,
        1,
        1,
        null,
        null,
        1,
        null,
        null,
        1,
        null,
        null,
        null,
        null,
        1,
        null,
        null,
        1,
        null,
        null,
        null,
        null
      ],
      "/Users/Kiope/Documents/DBC/Phase_3/stack-overflow-workshop-challenge/dbc_overflow/config/initializers/assets.rb": [
        null,
        null,
        null,
        1,
        null,
        null,
        null,
        null
      ],
      "/Users/Kiope/Documents/DBC/Phase_3/stack-overflow-workshop-challenge/dbc_overflow/config/initializers/backtrace_silencers.rb": [
        null,
        null,
        null,
        null,
        null,
        null,
        null
      ],
      "/Users/Kiope/Documents/DBC/Phase_3/stack-overflow-workshop-challenge/dbc_overflow/config/initializers/cookies_serializer.rb": [
        null,
        null,
        1
      ],
      "/Users/Kiope/Documents/DBC/Phase_3/stack-overflow-workshop-challenge/dbc_overflow/config/initializers/filter_parameter_logging.rb": [
        null,
        null,
        null,
        1
      ],
      "/Users/Kiope/Documents/DBC/Phase_3/stack-overflow-workshop-challenge/dbc_overflow/config/initializers/inflections.rb": [
        null,
        null,
        null,
        null,
        null,
        null,
        null,
        null,
        null,
        null,
        null,
        null,
        null,
        null,
        null,
        null
      ],
      "/Users/Kiope/Documents/DBC/Phase_3/stack-overflow-workshop-challenge/dbc_overflow/config/initializers/mime_types.rb": [
        null,
        null,
        null,
        null
      ],
      "/Users/Kiope/Documents/DBC/Phase_3/stack-overflow-workshop-challenge/dbc_overflow/config/initializers/session_store.rb": [
        null,
        null,
        1
      ],
      "/Users/Kiope/Documents/DBC/Phase_3/stack-overflow-workshop-challenge/dbc_overflow/config/initializers/wrap_parameters.rb": [
        null,
        null,
        null,
        null,
        null,
        null,
        1,
        1,
        null,
        null,
        null,
        null,
        null,
        null
      ],
      "/Users/Kiope/Documents/DBC/Phase_3/stack-overflow-workshop-challenge/dbc_overflow/spec/factories.rb": [
        1,
        1,
        18,
        18,
        null,
        null
      ],
      "/Users/Kiope/Documents/DBC/Phase_3/stack-overflow-workshop-challenge/dbc_overflow/config/routes.rb": [
        1,
        null,
        1,
        1,
        1,
        1,
        null,
        1,
        null,
        null,
        null,
        null,
        null,
        null,
        null,
        1,
        null,
        null,
        null,
        null,
        null,
        null,
        null,
        null,
        null,
        null,
        null,
        null,
        null,
        null,
        null,
        null,
        null,
        null,
        null,
        null,
        null,
        null,
        null,
        null,
        null,
        null,
        null,
        null,
        null,
        null,
        null,
        null,
        null,
        null,
        null,
        null,
        null,
        null,
        null,
        null,
        null,
        null,
        null,
        null,
        null,
        null,
        null,
        null,
        null,
        null
      ],
      "/Users/Kiope/Documents/DBC/Phase_3/stack-overflow-workshop-challenge/dbc_overflow/app/helpers/answers_helper.rb": [
        1,
        null
      ],
      "/Users/Kiope/Documents/DBC/Phase_3/stack-overflow-workshop-challenge/dbc_overflow/app/helpers/application_helper.rb": [
        1,
        null
      ],
      "/Users/Kiope/Documents/DBC/Phase_3/stack-overflow-workshop-challenge/dbc_overflow/app/helpers/questions_helper.rb": [
        1,
        null
      ],
      "/Users/Kiope/Documents/DBC/Phase_3/stack-overflow-workshop-challenge/dbc_overflow/spec/controllers/questions_controller_spec.rb": [
        1,
        null,
        1,
        null,
        1,
        1,
        1,
        1,
        null,
        null,
        1,
        1,
        1,
        null,
        null,
        1,
        1,
        1,
        null,
        null,
        null,
        1,
        2,
        1,
        1,
        1,
        null,
        null,
        null,
        1,
        1,
        1,
        1,
        1,
        2,
        null,
        1,
        1,
        1,
        1,
        2,
        null,
        null,
        null,
        1,
        2,
        1,
        1,
        1,
        null,
        null,
        null,
        1,
        3,
        1,
        1,
        1,
        null,
        1,
        1,
        1,
        null,
        null,
        null,
        1,
        4,
        1,
        1,
        1,
        null,
        1,
        1,
        1,
        null,
        null,
        1,
        1,
        1,
        null,
        null,
        null,
        null
      ],
      "/Users/Kiope/Documents/DBC/Phase_3/stack-overflow-workshop-challenge/dbc_overflow/app/controllers/questions_controller.rb": [
        1,
        1,
        null,
        1,
        7,
        7,
        null,
        null,
        1,
        3,
        3,
        2,
        null,
        1,
        1,
        null,
        null,
        null,
        1,
        8,
        8,
        null,
        null,
        1,
        2,
        2,
        null,
        null,
        1,
        3,
        3,
        2,
        null,
        1,
        null,
        null,
        null,
        1,
        3,
        3,
        3,
        null,
        null,
        1,
        0,
        0,
        0,
        0,
        0,
        0,
        null,
        null,
        null,
        null,
        1,
        0,
        0,
        0,
        0,
        0,
        0,
        null,
        null,
        null,
        null,
        1,
        null,
        1,
        6,
        null,
        null,
        null
      ],
      "/Users/Kiope/Documents/DBC/Phase_3/stack-overflow-workshop-challenge/dbc_overflow/app/controllers/application_controller.rb": [
        1,
        null,
        null,
        1,
        null
      ],
      "/Users/Kiope/Documents/DBC/Phase_3/stack-overflow-workshop-challenge/dbc_overflow/spec/features/questions/edit.html.erb_spec.rb": [
        1,
        null,
        1,
        2,
        1,
        1,
        1,
        1,
        null,
        1,
        1,
        null,
        null
      ],
      "/Users/Kiope/Documents/DBC/Phase_3/stack-overflow-workshop-challenge/dbc_overflow/spec/features/questions/index.html.erb_spec.rb": [
        1,
        null,
        1,
        3,
        3,
        null,
        1,
        1,
        1,
        2,
        2,
        null,
        null,
        null,
        1,
        1,
        1,
        1,
        1,
        1,
        null,
        null,
        null,
        1,
        2,
        2,
        1,
        1,
        1,
        1,
        null,
        1,
        1,
        null,
        null
      ],
      "/Users/Kiope/Documents/DBC/Phase_3/stack-overflow-workshop-challenge/dbc_overflow/spec/features/questions/show.html.erb_spec.rb": [
        1,
        null,
        1,
        3,
        null,
        1,
        1,
        1,
        null,
        null,
        1,
        1,
        1,
        null,
        null,
        null,
        null,
        1,
        3,
        3,
        3,
        null,
        1,
        1,
        1,
        1,
        1,
        null,
        null,
        null,
        1,
        1,
        1,
        1,
        null,
        1,
        1,
        null,
        null,
        null
      ],
      "/Users/Kiope/Documents/DBC/Phase_3/stack-overflow-workshop-challenge/dbc_overflow/spec/helpers/answers_helper_spec.rb": [
        1,
        null,
        null,
        null,
        null,
        null,
        null,
        null,
        null,
        null,
        null,
        null,
        null,
        null,
        null
      ],
      "/Users/Kiope/Documents/DBC/Phase_3/stack-overflow-workshop-challenge/dbc_overflow/spec/helpers/questions_helper_spec.rb": [
        1,
        null,
        null,
        null,
        null,
        null,
        null,
        null,
        null,
        null,
        null,
        null,
        null,
        null,
        null
      ],
      "/Users/Kiope/Documents/DBC/Phase_3/stack-overflow-workshop-challenge/dbc_overflow/spec/models/answer_spec.rb": [
        1,
        null,
        null,
        null,
        null
      ],
      "/Users/Kiope/Documents/DBC/Phase_3/stack-overflow-workshop-challenge/dbc_overflow/spec/models/question_spec.rb": [
        1,
        null,
        1,
        1,
        2,
        null,
        null
      ],
      "/Users/Kiope/Documents/DBC/Phase_3/stack-overflow-workshop-challenge/dbc_overflow/app/models/question.rb": [
        1,
        1,
        1,
        null,
        1,
        0,
        null,
        null,
        1,
        0,
        null,
        null,
        null
      ],
      "/Users/Kiope/Documents/DBC/Phase_3/stack-overflow-workshop-challenge/dbc_overflow/spec/views/questions/index.html.erb_spec.rb": [
        1,
        null,
        null,
        null,
        null
      ],
      "/Users/Kiope/Documents/DBC/Phase_3/stack-overflow-workshop-challenge/dbc_overflow/app/models/answer.rb": [
        1,
        1,
        null
      ],
      "/Users/Kiope/Documents/DBC/Phase_3/stack-overflow-workshop-challenge/dbc_overflow/app/controllers/answers_controller.rb": [
        1,
        null,
        null,
        null,
        null,
        1,
        1,
        1,
        1,
        1,
        null,
        0,
        null,
        null,
        null,
        null,
        null,
        null,
        null,
        1,
        null,
        1,
        1,
        null,
        null,
        null
      ]
    },
    "timestamp": 1416535891
  }
}
